<?xml version="1.0" encoding="UTF-8"?>
<!-- Generated by org.testng.reporters.JUnitReportReporter -->
<testsuite hostname="DESKTOP-QSS6PTI" name="Selenium_Testing_Gmail.Gmail_Testing.gmail_login" tests="1" failures="0" timestamp="13 Dec 2017 20:55:18 GMT" time="18.182" errors="0">
  <testcase name="Test_search" time="18.182" classname="Selenium_Testing_Gmail.Gmail_Testing.gmail_login"/>
</testsuite> <!-- Selenium_Testing_Gmail.Gmail_Testing.gmail_login -->
