<?xml version="1.0" encoding="UTF-8"?>
<!-- Generated by org.testng.reporters.JUnitReportReporter -->
<testsuite hostname="DESKTOP-QSS6PTI" name="Selenium_Testing_Gmail.Gmail_Testing.Frames_examples" tests="1" failures="0" timestamp="13 Dec 2017 20:55:18 GMT" time="12.706" errors="0">
  <testcase name="Test_frame" time="12.706" classname="Selenium_Testing_Gmail.Gmail_Testing.Frames_examples"/>
</testsuite> <!-- Selenium_Testing_Gmail.Gmail_Testing.Frames_examples -->
